Haveadrink/mobile/build/outputs/mapping/debug/mapping.txt
com.example.jaakko.haveadrink.HaveADrinkActivity -> com.example.jaakko.haveadrink.HaveADrinkActivity:
    void <init>() -> <init>
    int getLayoutResId() -> j
com.example.jaakko.haveadrink.R -> com.example.jaakko.haveadrink.a:
com.example.jaakko.haveadrink.R$layout -> com.example.jaakko.haveadrink.a$a:
    int abc_action_bar_title_item -> abc_action_bar_title_item
    int abc_action_bar_up_container -> abc_action_bar_up_container
    int abc_action_bar_view_list_nav_layout -> abc_action_bar_view_list_nav_layout
    int abc_action_menu_item_layout -> abc_action_menu_item_layout
    int abc_action_menu_layout -> abc_action_menu_layout
    int abc_action_mode_bar -> abc_action_mode_bar
    int abc_action_mode_close_item_material -> abc_action_mode_close_item_material
    int abc_activity_chooser_view -> abc_activity_chooser_view
    int abc_activity_chooser_view_list_item -> abc_activity_chooser_view_list_item
    int abc_alert_dialog_button_bar_material -> abc_alert_dialog_button_bar_material
    int abc_alert_dialog_material -> abc_alert_dialog_material
    int abc_alert_dialog_title_material -> abc_alert_dialog_title_material
    int abc_dialog_title_material -> abc_dialog_title_material
    int abc_expanded_menu_layout -> abc_expanded_menu_layout
    int abc_list_menu_item_checkbox -> abc_list_menu_item_checkbox
    int abc_list_menu_item_icon -> abc_list_menu_item_icon
    int abc_list_menu_item_layout -> abc_list_menu_item_layout
    int abc_list_menu_item_radio -> abc_list_menu_item_radio
    int abc_popup_menu_header_item_layout -> abc_popup_menu_header_item_layout
    int abc_popup_menu_item_layout -> abc_popup_menu_item_layout
    int abc_screen_content_include -> abc_screen_content_include
...
android.support.v4.app.FragmentManagerImpl -> android.support.v4.a.m:
    boolean DEBUG -> a
    java.util.ArrayList mPendingActions -> b
    boolean mExecutingActions -> c
    int mNextFragmentIndex -> d
    java.util.ArrayList mAdded -> e
    android.util.SparseArray mActive -> f
    java.util.ArrayList mBackStack -> g
    java.util.ArrayList mCreatedMenus -> h
    java.util.ArrayList mBackStackIndices -> i
    java.util.ArrayList mAvailBackStackIndices -> j
    java.util.ArrayList mBackStackChangeListeners -> k
    java.util.concurrent.CopyOnWriteArrayList mLifecycleCallbacks -> I
    int mCurState -> l
    android.support.v4.app.FragmentHostCallback mHost -> m
    android.support.v4.app.FragmentContainer mContainer -> n
    android.support.v4.app.Fragment mParent -> o
    android.support.v4.app.Fragment mPrimaryNav -> p
    java.lang.reflect.Field sAnimationListenerField -> q
    boolean mNeedMenuInvalidate -> r
    boolean mStateSaved -> s
    boolean mDestroyed -> t
    java.lang.String mNoTransactionsBecause -> u
    boolean mHavePendingDeferredStart -> v
    java.util.ArrayList mTmpRecords -> w
    java.util.ArrayList mTmpIsPop -> x
    java.util.ArrayList mTmpAddedFragments -> y
    android.os.Bundle mStateBundle -> z
    android.util.SparseArray mStateArray -> A
    java.util.ArrayList mPostponedTransactions -> B
    android.support.v4.app.FragmentManagerNonConfig mSavedNonConfig -> C
    java.lang.Runnable mExecCommit -> D
android.support.v4.app.FragmentManagerImpl$1 -> android.support.v4.a.m$1:
    android.support.v4.app.FragmentManagerImpl this$0 -> a
    void <init>(android.support.v4.app.FragmentManagerImpl) -> <init>
    void run() -> run
android.support.v4.app.FragmentManagerImpl$2 -> android.support.v4.a.m$2:
    android.support.v4.app.Fragment val$fragment -> a
    android.support.v4.app.FragmentManagerImpl this$0 -> b
    void <init>(android.support.v4.app.FragmentManagerImpl,android.view.animation.Animation$AnimationListener,android.support.v4.app.Fragment) -> <init>
    void onAnimationEnd(android.view.animation.Animation) -> onAnimationEnd
android.support.v4.app.FragmentManagerImpl$3 -> android.support.v4.a.m$3:
    android.view.ViewGroup val$container -> a
    android.view.View val$viewToAnimate -> b
    android.support.v4.app.Fragment val$fragment -> c
    android.support.v4.app.FragmentManagerImpl this$0 -> d
    void <init>(android.support.v4.app.FragmentManagerImpl,android.view.ViewGroup,android.view.View,android.support.v4.app.Fragment) -> <init>
    void onAnimationEnd(android.animation.Animator) -> onAnimationEnd
android.support.v4.app.FragmentManagerImpl$4 -> android.support.v4.a.m$4:
    android.view.ViewGroup val$container -> a
    android.view.View val$animatingView -> b
    android.support.v4.app.Fragment val$fragment -> c
    android.support.v4.app.FragmentManagerImpl this$0 -> d
    void <init>(android.support.v4.app.FragmentManagerImpl,android.view.ViewGroup,android.view.View,android.support.v4.app.Fragment) -> <init>
    void onAnimationEnd(android.animation.Animator) -> onAnimationEnd
android.support.v4.app.FragmentManagerImpl$AnimateOnHWLayerIfNeededListener -> android.support.v4.a.m$a:
    android.view.View mView -> a
    void <init>(android.view.View,android.view.animation.Animation$AnimationListener) -> <init>
    void onAnimationEnd(android.view.animation.Animation) -> onAnimationEnd
android.support.v4.app.FragmentManagerImpl$AnimateOnHWLayerIfNeededListener$1 -> android.support.v4.a.m$a$1:
    android.support.v4.app.FragmentManagerImpl$AnimateOnHWLayerIfNeededListener this$0 -> a
    void <init>(android.support.v4.app.FragmentManagerImpl$AnimateOnHWLayerIfNeededListener) -> <init>
    void run() -> run