Haveadrink/mobile/build/outputs/mapping/debug/usage.txt
com.example.jaakko.haveadrink.BuildConfig
com.example.jaakko.haveadrink.R:
    10:10:public R()
com.example.jaakko.haveadrink.R$anim
com.example.jaakko.haveadrink.R$attr
com.example.jaakko.haveadrink.R$bool
com.example.jaakko.haveadrink.R$color
com.example.jaakko.haveadrink.R$dimen
com.example.jaakko.haveadrink.R$drawable
com.example.jaakko.haveadrink.R$id
com.example.jaakko.haveadrink.R$integer
com.example.jaakko.haveadrink.R$layout:
    2594:2594:public R$layout()
com.example.jaakko.haveadrink.R$menu
com.example.jaakko.haveadrink.R$string
com.example.jaakko.haveadrink.R$style
com.example.jaakko.haveadrink.R$styleable
...
android.support.v4.view.ViewPager$PageTransformer
android.support.v4.view.ViewPager$PagerObserver
android.support.v4.view.ViewPager$SavedState
android.support.v4.view.ViewPager$SavedState$1
android.support.v4.view.ViewPager$SimpleOnPageChangeListener
android.support.v4.view.ViewPager$ViewPositionComparator
android.support.v4.view.ViewParentCompat:
    private static final java.lang.String TAG
    204:204:private ViewParentCompat()
    229:229:public static boolean requestSendAccessibilityEvent(android.view.ViewParent,android.view.View,android.view.accessibility.AccessibilityEvent)
    248:248:public static boolean onStartNestedScroll(android.view.ViewParent,android.view.View,android.view.View,int)
    265:266:public static void onNestedScrollAccepted(android.view.ViewParent,android.view.View,android.view.View,int)
    277:278:public static void onStopNestedScroll(android.view.ViewParent,android.view.View)
    295:297:public static void onNestedScroll(android.view.ViewParent,android.view.View,int,int,int,int)
    313:314:public static void onNestedPreScroll(android.view.ViewParent,android.view.View,int,int,int[])
    535:536:public static void notifySubtreeAccessibilityStateChanged(android.view.ViewParent,android.view.View,android.view.View,int)
android.support.v4.view.ViewParentCompat$ViewParentCompatApi19Impl:
    104:105:public void notifySubtreeAccessibilityStateChanged(android.view.ViewParent,android.view.View,android.view.View,int)
android.support.v4.view.ViewParentCompat$ViewParentCompatBaseImpl:
    95:95:public void notifySubtreeAccessibilityStateChanged(android.view.ViewParent,android.view.View,android.view.View,int)
android.support.v4.view.ViewPropertyAnimatorCompat:
    private static final java.lang.String TAG
    java.lang.Runnable mStartAction
    java.lang.Runnable mEndAction
    int mOldLayerType
    static final int LISTENER_TAG_ID
    30:39:ViewPropertyAnimatorCompat(android.view.View)
    122:125:public android.support.v4.view.ViewPropertyAnimatorCompat setDuration(long)
    137:140:public android.support.v4.view.ViewPropertyAnimatorCompat alpha(float)
    152:155:public android.support.v4.view.ViewPropertyAnimatorCompat alphaBy(float)
    167:170:public android.support.v4.view.ViewPropertyAnimatorCompat translationX(float)
    182:185:public android.support.v4.view.ViewPropertyAnimatorCompat translationY(float)
    215:223:public android.support.v4.view.ViewPropertyAnimatorCompat withEndAction(java.lang.Runnable)
    236:239:public long getDuration()
    253:256:public android.support.v4.view.ViewPropertyAnimatorCompat setInterpolator(android.view.animation.Interpolator)
    266:271:public android.view.animation.Interpolator getInterpolator()
    285:288:public android.support.v4.view.ViewPropertyAnimatorCompat setStartDelay(long)
    301:304:public long getStartDelay()
    317:320:public android.support.v4.view.ViewPropertyAnimatorCompat rotation(float)
    332:335:public android.support.v4.view.ViewPropertyAnimatorCompat rotationBy(float)
    347:350:public android.support.v4.view.ViewPropertyAnimatorCompat rotationX(float)
android.support.v4.view.ViewPropertyAnimatorCompat$1
android.support.v4.view.ViewPropertyAnimatorCompat$2
android.support.v4.view.ViewPropertyAnimatorCompat$ViewPropertyAnimatorListenerApi14
android.support.v4.view.ViewPropertyAnimatorListener
android.support.v4.view.ViewPropertyAnimatorListenerAdapter
android.support.v4.view.ViewPropertyAnimatorUpdateListener
android.support.v4.view.WindowCompat
android.support.v4.view.WindowInsetsCompat